[2023.06.29, 02:02:08]
string(315) "INSERT INTO history_lead
                    SET
                    lead_id = 479287,
                    date = '2023-06-29 14:02:08',
                    manager_id = 357,
                    manager_name = 'Kristina Ignatova',
                    field = 'first-manager',
                    `to` = '357'"

[2023.06.29, 02:11:05]
string(311) "INSERT INTO history_lead
                    SET
                    lead_id = 479288,
                    date = '2023-06-29 14:11:05',
                    manager_id = 864,
                    manager_name = 'Maxim Ermakov',
                    field = 'first-manager',
                    `to` = '864'"

[2023.06.29, 02:13:23]
string(312) "INSERT INTO history_lead
                    SET
                    lead_id = 479289,
                    date = '2023-06-29 14:13:23',
                    manager_id = 1861,
                    manager_name = 'Ivan Taranov',
                    field = 'first-manager',
                    `to` = '1861'"

[2023.06.29, 02:15:46]
string(311) "INSERT INTO history_lead
                    SET
                    lead_id = 479290,
                    date = '2023-06-29 14:15:46',
                    manager_id = 864,
                    manager_name = 'Maxim Ermakov',
                    field = 'first-manager',
                    `to` = '864'"

[2023.06.29, 02:29:12]
string(317) "INSERT INTO history_lead
                    SET
                    lead_id = 479291,
                    date = '2023-06-29 14:29:12',
                    manager_id = 1053,
                    manager_name = 'Aleksandr Sobolev',
                    field = 'first-manager',
                    `to` = '1053'"

[2023.06.29, 02:29:14]
string(311) "INSERT INTO history_lead
                    SET
                    lead_id = 479292,
                    date = '2023-06-29 14:29:14',
                    manager_id = 864,
                    manager_name = 'Maxim Ermakov',
                    field = 'first-manager',
                    `to` = '864'"

[2023.06.29, 02:29:16]
string(314) "INSERT INTO history_lead
                    SET
                    lead_id = 479293,
                    date = '2023-06-29 14:29:16',
                    manager_id = 1754,
                    manager_name = 'Nikita	Sobolev',
                    field = 'first-manager',
                    `to` = '1754'"

[2023.06.29, 03:14:20]
string(312) "INSERT INTO history_lead
                    SET
                    lead_id = 479294,
                    date = '2023-06-29 15:14:20',
                    manager_id = 1861,
                    manager_name = 'Ivan Taranov',
                    field = 'first-manager',
                    `to` = '1861'"

[2023.06.29, 03:15:04]
string(311) "INSERT INTO history_lead
                    SET
                    lead_id = 479295,
                    date = '2023-06-29 15:15:04',
                    manager_id = 864,
                    manager_name = 'Maxim Ermakov',
                    field = 'first-manager',
                    `to` = '864'"

[2023.06.29, 04:12:12]
string(314) "INSERT INTO history_lead
                    SET
                    lead_id = 479297,
                    date = '2023-06-29 16:12:12',
                    manager_id = 1754,
                    manager_name = 'Nikita	Sobolev',
                    field = 'first-manager',
                    `to` = '1754'"

[2023.06.29, 04:12:37]
string(315) "INSERT INTO history_lead
                    SET
                    lead_id = 479298,
                    date = '2023-06-29 16:12:37',
                    manager_id = 357,
                    manager_name = 'Kristina Ignatova',
                    field = 'first-manager',
                    `to` = '357'"

