[2023.06.28, 01:30:03]
string(975) "SELECT DISTINCT users.*, ROUND((users.end_lead/users.add_lead)*100, 0) as weight
				   from users 
					  INNER JOIN camps_users ON users.id = camps_users.user_id
						INNER JOIN campaigns ON camps_users.campaign_id = campaigns.id
						INNER JOIN country_users ON users.id = country_users.user_id
						INNER JOIN countries ON country_users.country_id = countries.id
						INNER JOIN langs_users ON langs_users.user_id = users.id
						INNER JOIN langs ON langs.id = langs_users.lang_id
				        INNER JOIN brand_users on users.id = brand_users.user_id
				     where online = 'online' 
				     AND role IN ('manager', 'partner', 'desk_manager', 'director')
				     AND users.add_lead > 0
				     AND users.end_lead < users.add_lead
				       and brand_users.brand_id = 12
				     and (campaigns.id = 3) 
				     and ((countries.name like '%ru%' and langs.name like '%ru%') or (countries.name like '%ru%'))	   
				   ORDER BY weight ASC;
				   "

[2023.06.28, 01:30:58]
string(974) "SELECT DISTINCT users.*, ROUND((users.end_lead/users.add_lead)*100, 0) as weight
				   from users 
					  INNER JOIN camps_users ON users.id = camps_users.user_id
						INNER JOIN campaigns ON camps_users.campaign_id = campaigns.id
						INNER JOIN country_users ON users.id = country_users.user_id
						INNER JOIN countries ON country_users.country_id = countries.id
						INNER JOIN langs_users ON langs_users.user_id = users.id
						INNER JOIN langs ON langs.id = langs_users.lang_id
				        INNER JOIN brand_users on users.id = brand_users.user_id
				     where online = 'online' 
				     AND role IN ('manager', 'partner', 'desk_manager', 'director')
				     AND users.add_lead > 0
				     AND users.end_lead < users.add_lead
				       and brand_users.brand_id = 6
				     and (campaigns.id = 3) 
				     and ((countries.name like '%ru%' and langs.name like '%ru%') or (countries.name like '%ru%'))	   
				   ORDER BY weight ASC;
				   "

[2023.06.28, 01:36:51]
string(975) "SELECT DISTINCT users.*, ROUND((users.end_lead/users.add_lead)*100, 0) as weight
				   from users 
					  INNER JOIN camps_users ON users.id = camps_users.user_id
						INNER JOIN campaigns ON camps_users.campaign_id = campaigns.id
						INNER JOIN country_users ON users.id = country_users.user_id
						INNER JOIN countries ON country_users.country_id = countries.id
						INNER JOIN langs_users ON langs_users.user_id = users.id
						INNER JOIN langs ON langs.id = langs_users.lang_id
				        INNER JOIN brand_users on users.id = brand_users.user_id
				     where online = 'online' 
				     AND role IN ('manager', 'partner', 'desk_manager', 'director')
				     AND users.add_lead > 0
				     AND users.end_lead < users.add_lead
				       and brand_users.brand_id = 16
				     and (campaigns.id = 3) 
				     and ((countries.name like '%ru%' and langs.name like '%ru%') or (countries.name like '%ru%'))	   
				   ORDER BY weight ASC;
				   "

[2023.06.28, 01:40:24]
string(975) "SELECT DISTINCT users.*, ROUND((users.end_lead/users.add_lead)*100, 0) as weight
				   from users 
					  INNER JOIN camps_users ON users.id = camps_users.user_id
						INNER JOIN campaigns ON camps_users.campaign_id = campaigns.id
						INNER JOIN country_users ON users.id = country_users.user_id
						INNER JOIN countries ON country_users.country_id = countries.id
						INNER JOIN langs_users ON langs_users.user_id = users.id
						INNER JOIN langs ON langs.id = langs_users.lang_id
				        INNER JOIN brand_users on users.id = brand_users.user_id
				     where online = 'online' 
				     AND role IN ('manager', 'partner', 'desk_manager', 'director')
				     AND users.add_lead > 0
				     AND users.end_lead < users.add_lead
				       and brand_users.brand_id = 15
				     and (campaigns.id = 3) 
				     and ((countries.name like '%ru%' and langs.name like '%ru%') or (countries.name like '%ru%'))	   
				   ORDER BY weight ASC;
				   "

[2023.06.28, 01:41:09]
string(974) "SELECT DISTINCT users.*, ROUND((users.end_lead/users.add_lead)*100, 0) as weight
				   from users 
					  INNER JOIN camps_users ON users.id = camps_users.user_id
						INNER JOIN campaigns ON camps_users.campaign_id = campaigns.id
						INNER JOIN country_users ON users.id = country_users.user_id
						INNER JOIN countries ON country_users.country_id = countries.id
						INNER JOIN langs_users ON langs_users.user_id = users.id
						INNER JOIN langs ON langs.id = langs_users.lang_id
				        INNER JOIN brand_users on users.id = brand_users.user_id
				     where online = 'online' 
				     AND role IN ('manager', 'partner', 'desk_manager', 'director')
				     AND users.add_lead > 0
				     AND users.end_lead < users.add_lead
				       and brand_users.brand_id = 2
				     and (campaigns.id = 3) 
				     and ((countries.name like '%ru%' and langs.name like '%ru%') or (countries.name like '%ru%'))	   
				   ORDER BY weight ASC;
				   "

